[ 2015-07-08T15:26:48+08:00 ] ::1 /SmallCrm/index.php/Home/Search/searched
ERR: SQLSTATE[42000]: Syntax error or access violation: 1064 You have an error in your SQL syntax; check the manual that corresponds to your MySQL server version for the right syntax to use near ') ORDER BY id DESC LIMIT 0,20' at line 1

[ 2015-07-08T15:27:20+08:00 ] ::1 /SmallCrm/index.php/Home/Search/searched
ERR: SQLSTATE[42000]: Syntax error or access violation: 1064 You have an error in your SQL syntax; check the manual that corresponds to your MySQL server version for the right syntax to use near ') ORDER BY id DESC' at line 1

[ 2015-07-08T15:28:21+08:00 ] ::1 /SmallCrm/index.php/Home/Search/screening
ERR: SQLSTATE[42S02]: Base table or view not found: 1146 Table 'tp_crm.tp_custormer' doesn't exist

[ 2015-07-08T15:29:11+08:00 ] ::1 /SmallCrm/index.php/Home/Search/screening
ERR: SQLSTATE[42S22]: Column not found: 1054 Unknown column 'username' in 'where clause'

[ 2015-07-08T15:30:36+08:00 ] ::1 /SmallCrm/index.php/Home/Search/screening
ERR: 模板不存在:./Application/Home/View/Search/screening.html

[ 2015-07-08T16:03:55+08:00 ] ::1 /SmallCrm/index.php/Home/Search/screening
ERR: SQLSTATE[42000]: Syntax error or access violation: 1064 You have an error in your SQL syntax; check the manual that corresponds to your MySQL server version for the right syntax to use near 'date >= 1436198400 and date <= 1436371200 AND `uid` >= 0 ) AND (  `uid` >= 0 ) O' at line 1

[ 2015-07-08T16:17:07+08:00 ] ::1 /SmallCrm/index.php/Home/Search/screening
ERR: SQLSTATE[42000]: Syntax error or access violation: 1064 You have an error in your SQL syntax; check the manual that corresponds to your MySQL server version for the right syntax to use near ') ) ORDER BY id DESC LIMIT 0,20' at line 1

[ 2015-07-08T16:17:17+08:00 ] ::1 /SmallCrm/index.php/Home/Search/screening
ERR: SQLSTATE[42000]: Syntax error or access violation: 1064 You have an error in your SQL syntax; check the manual that corresponds to your MySQL server version for the right syntax to use near ') ) ORDER BY id DESC LIMIT 0,20' at line 1

[ 2015-07-08T16:24:16+08:00 ] ::1 /SmallCrm/index.php/Home/Search/screening
ERR: SQLSTATE[42000]: Syntax error or access violation: 1064 You have an error in your SQL syntax; check the manual that corresponds to your MySQL server version for the right syntax to use near ') ) ORDER BY id DESC LIMIT 0,20' at line 1

[ 2015-07-08T16:25:52+08:00 ] ::1 /SmallCrm/index.php/Home/Search/screening
ERR: SQLSTATE[42000]: Syntax error or access violation: 1064 You have an error in your SQL syntax; check the manual that corresponds to your MySQL server version for the right syntax to use near ') ) ORDER BY id DESC LIMIT 0,20' at line 1

[ 2015-07-08T16:25:57+08:00 ] ::1 /SmallCrm/index.php/Home/Search/screening
ERR: SQLSTATE[42000]: Syntax error or access violation: 1064 You have an error in your SQL syntax; check the manual that corresponds to your MySQL server version for the right syntax to use near ') ) ORDER BY id DESC LIMIT 0,20' at line 1

[ 2015-07-08T16:26:37+08:00 ] ::1 /SmallCrm/index.php/Home/Search/screening
ERR: SQLSTATE[42000]: Syntax error or access violation: 1064 You have an error in your SQL syntax; check the manual that corresponds to your MySQL server version for the right syntax to use near ') ) ORDER BY id DESC LIMIT 0,20' at line 1

[ 2015-07-08T16:28:41+08:00 ] ::1 /SmallCrm/index.php/Home/Search/screening
ERR: Think\Model:mac方法不存在！

